{
  "/Users/macbook/Downloads/react/react1/src/store/recycleSlice.ts": {
    "path": "/Users/macbook/Downloads/react/react1/src/store/recycleSlice.ts",
    "statementMap": {
      "0": {
        "start": {
          "line": 2,
          "column": 21
        },
        "end": {
          "line": 4,
          "column": 1
        }
      },
      "1": {
        "start": {
          "line": 5,
          "column": 21
        },
        "end": {
          "line": 25,
          "column": 2
        }
      },
      "2": {
        "start": {
          "line": 10,
          "column": 6
        },
        "end": {
          "line": 10,
          "column": 80
        }
      },
      "3": {
        "start": {
          "line": 10,
          "column": 49
        },
        "end": {
          "line": 10,
          "column": 78
        }
      },
      "4": {
        "start": {
          "line": 13,
          "column": 6
        },
        "end": {
          "line": 22,
          "column": 9
        }
      },
      "5": {
        "start": {
          "line": 26,
          "column": 39
        },
        "end": {
          "line": 26,
          "column": 59
        }
      }
    },
    "fnMap": {
      "0": {
        "name": "(anonymous_0)",
        "decl": {
          "start": {
            "line": 9,
            "column": 4
          },
          "end": {
            "line": 9,
            "column": 5
          }
        },
        "loc": {
          "start": {
            "line": 9,
            "column": 30
          },
          "end": {
            "line": 11,
            "column": 5
          }
        },
        "line": 9
      },
      "1": {
        "name": "(anonymous_1)",
        "decl": {
          "start": {
            "line": 10,
            "column": 39
          },
          "end": {
            "line": 10,
            "column": 40
          }
        },
        "loc": {
          "start": {
            "line": 10,
            "column": 49
          },
          "end": {
            "line": 10,
            "column": 78
          }
        },
        "line": 10
      },
      "2": {
        "name": "(anonymous_2)",
        "decl": {
          "start": {
            "line": 12,
            "column": 4
          },
          "end": {
            "line": 12,
            "column": 5
          }
        },
        "loc": {
          "start": {
            "line": 12,
            "column": 27
          },
          "end": {
            "line": 23,
            "column": 5
          }
        },
        "line": 12
      }
    },
    "branchMap": {},
    "s": {
      "0": 5,
      "1": 5,
      "2": 0,
      "3": 0,
      "4": 1,
      "5": 5
    },
    "f": {
      "0": 0,
      "1": 0,
      "2": 1
    },
    "b": {},
    "inputSourceMap": {
      "version": 3,
      "sources": [
        "/Users/macbook/Downloads/react/react1/src/store/recycleSlice.ts"
      ],
      "mappings": "AAAA,SAA4B,mBAAmB;AAM/C,MAAM,eAA2B;AAAA,EAC/B,OAAO,CAAC;AACV;AACA,MAAM,eAAe,YAAuD;AAAA,EAC1E,MAAM;AAAA,EACN;AAAA,EACA,UAAU;AAAA,IACR,WAAW,OAAO,QAAQ;AACxB,YAAM,QAAQ,MAAM,MAAM,OAAO,CAAC,SAAS,KAAK,OAAO,OAAO,QAAQ,EAAE;AAAA,IAC1E;AAAA,IACA,QAAQ,OAAO,QAAQ;AACrB,YAAM,MAAM,KAAK;AAAA,QACf,IAAI,KAAK,IAAI;AAAA,QACb,MAAM,OAAO,QAAQ;AAAA,QACrB,OAAO,OAAO,QAAQ;AAAA,QACtB,QAAQ,OAAO,QAAQ;AAAA,QACvB,MAAM,OAAO,QAAQ,OAAO,CAAC;AAAA,QAC7B,OAAO,OAAO,QAAQ;AAAA,QACtB,OAAO,OAAO,QAAQ;AAAA,QACtB,QAAQ,OAAO,QAAQ;AAAA,MACzB,CAAC;AAAA,IACH;AAAA,EACF;AACF,CAAC;AAEM,aAAM,EAAE,SAAS,WAAW,IAAI,aAAa;AACpD,eAAe,aAAa;",
      "names": []
    },
    "_coverageSchema": "1a1c01bbd47fc00a2c39e90264f33305004495a9",
    "hash": "bca46cd4106e2f9200c09fe8472b67fc14e877f1"
  },
  "/Users/macbook/Downloads/react/react1/src/store/searchSlice.ts": {
    "path": "/Users/macbook/Downloads/react/react1/src/store/searchSlice.ts",
    "statementMap": {
      "0": {
        "start": {
          "line": 2,
          "column": 21
        },
        "end": {
          "line": 4,
          "column": 1
        }
      },
      "1": {
        "start": {
          "line": 5,
          "column": 27
        },
        "end": {
          "line": 13,
          "column": 2
        }
      },
      "2": {
        "start": {
          "line": 10,
          "column": 6
        },
        "end": {
          "line": 10,
          "column": 41
        }
      },
      "3": {
        "start": {
          "line": 14,
          "column": 34
        },
        "end": {
          "line": 14,
          "column": 53
        }
      }
    },
    "fnMap": {
      "0": {
        "name": "(anonymous_0)",
        "decl": {
          "start": {
            "line": 9,
            "column": 20
          },
          "end": {
            "line": 9,
            "column": 21
          }
        },
        "loc": {
          "start": {
            "line": 9,
            "column": 39
          },
          "end": {
            "line": 11,
            "column": 5
          }
        },
        "line": 9
      }
    },
    "branchMap": {},
    "s": {
      "0": 5,
      "1": 5,
      "2": 1,
      "3": 5
    },
    "f": {
      "0": 1
    },
    "b": {},
    "inputSourceMap": {
      "version": 3,
      "sources": [
        "/Users/macbook/Downloads/react/react1/src/store/searchSlice.ts"
      ],
      "mappings": "AAAA,SAAS,mBAAmB;AAO5B,MAAM,eAA4B;AAAA,EAChC,aAAa;AACf;AAEO,aAAM,cAAc,YAAY;AAAA,EACrC,MAAM;AAAA,EACN;AAAA,EACA,UAAU;AAAA,IACR,gBAAgB,CAAC,OAAO,WAAkC;AACxD,YAAM,cAAc,OAAO;AAAA,IAC7B;AAAA,EACF;AACF,CAAC;AAEM,aAAM,EAAE,eAAe,IAAI,YAAY;AAE9C,eAAe,YAAY;",
      "names": []
    },
    "_coverageSchema": "1a1c01bbd47fc00a2c39e90264f33305004495a9",
    "hash": "df9ea1480c1ab50f9b747b8bdbe2a475509dc29d"
  },
  "/Users/macbook/Downloads/react/react1/src/store/plantsApi.ts": {
    "path": "/Users/macbook/Downloads/react/react1/src/store/plantsApi.ts",
    "statementMap": {
      "0": {
        "start": {
          "line": 2,
          "column": 25
        },
        "end": {
          "line": 11,
          "column": 2
        }
      },
      "1": {
        "start": {
          "line": 5,
          "column": 27
        },
        "end": {
          "line": 10,
          "column": 3
        }
      },
      "2": {
        "start": {
          "line": 7,
          "column": 25
        },
        "end": {
          "line": 7,
          "column": 80
        }
      },
      "3": {
        "start": {
          "line": 12,
          "column": 37
        },
        "end": {
          "line": 12,
          "column": 46
        }
      }
    },
    "fnMap": {
      "0": {
        "name": "(anonymous_0)",
        "decl": {
          "start": {
            "line": 5,
            "column": 13
          },
          "end": {
            "line": 5,
            "column": 14
          }
        },
        "loc": {
          "start": {
            "line": 5,
            "column": 27
          },
          "end": {
            "line": 10,
            "column": 3
          }
        },
        "line": 5
      },
      "1": {
        "name": "(anonymous_1)",
        "decl": {
          "start": {
            "line": 7,
            "column": 13
          },
          "end": {
            "line": 7,
            "column": 14
          }
        },
        "loc": {
          "start": {
            "line": 7,
            "column": 25
          },
          "end": {
            "line": 7,
            "column": 80
          }
        },
        "line": 7
      }
    },
    "branchMap": {
      "0": {
        "loc": {
          "start": {
            "line": 7,
            "column": 35
          },
          "end": {
            "line": 7,
            "column": 78
          }
        },
        "type": "cond-expr",
        "locations": [
          {
            "start": {
              "line": 7,
              "column": 44
            },
            "end": {
              "line": 7,
              "column": 65
            }
          },
          {
            "start": {
              "line": 7,
              "column": 68
            },
            "end": {
              "line": 7,
              "column": 78
            }
          }
        ],
        "line": 7
      }
    },
    "s": {
      "0": 5,
      "1": 5,
      "2": 4,
      "3": 5
    },
    "f": {
      "0": 5,
      "1": 4
    },
    "b": {
      "0": [
        1,
        3
      ]
    },
    "inputSourceMap": {
      "version": 3,
      "sources": [
        "/Users/macbook/Downloads/react/react1/src/store/plantsApi.ts"
      ],
      "mappings": "AAAA,SAAS,WAAW,sBAAsB;AAGnC,aAAM,YAAY,UAAU;AAAA,EACjC,aAAa;AAAA,EACb,WAAW,eAAe,EAAE,SAAS,yBAAyB,CAAC;AAAA,EAC/D,WAAW,CAAC,aAAa;AAAA,IACvB,WAAW,QAAQ,MAAkC;AAAA,MACnD,OAAO,CAAC,WAAW,UAAU,SAAS,aAAa,WAAW;AAAA;AAAA,IAEhE,CAAC;AAAA,EACH;AACF,CAAC;AACM,aAAM,EAAE,kBAAkB,IAAI;",
      "names": []
    },
    "_coverageSchema": "1a1c01bbd47fc00a2c39e90264f33305004495a9",
    "hash": "0adeb3f08ff40b7f24a3c2cb3550a709856f3ad7"
  },
  "/Users/macbook/Downloads/react/react1/src/store/index.ts": {
    "path": "/Users/macbook/Downloads/react/react1/src/store/index.ts",
    "statementMap": {
      "0": {
        "start": {
          "line": 5,
          "column": 21
        },
        "end": {
          "line": 12,
          "column": 2
        }
      },
      "1": {
        "start": {
          "line": 11,
          "column": 40
        },
        "end": {
          "line": 11,
          "column": 119
        }
      }
    },
    "fnMap": {
      "0": {
        "name": "(anonymous_0)",
        "decl": {
          "start": {
            "line": 11,
            "column": 14
          },
          "end": {
            "line": 11,
            "column": 15
          }
        },
        "loc": {
          "start": {
            "line": 11,
            "column": 40
          },
          "end": {
            "line": 11,
            "column": 119
          }
        },
        "line": 11
      }
    },
    "branchMap": {},
    "s": {
      "0": 5,
      "1": 5
    },
    "f": {
      "0": 5
    },
    "b": {},
    "inputSourceMap": {
      "version": 3,
      "sources": [
        "/Users/macbook/Downloads/react/react1/src/store/index.ts"
      ],
      "mappings": "AAAA,SAAS,sBAAsB;AAC/B,OAAO,oBAAoB;AAC3B,OAAO,kBAAkB;AACzB,SAAS,iBAAiB;AAKnB,aAAM,QAAQ,eAAe;AAAA,EAClC,SAAS;AAAA,IACP,CAAC,UAAU,WAAW,GAAG,UAAU;AAAA,IACnC,OAAO;AAAA,IACP,aAAa;AAAA,EACf;AAAA,EACA,YAAY,CAAC,yBACX,qBAAqB,EAAE,mBAAmB,MAAM,CAAC,EAAE,OAAO,UAAU,UAAU;AAClF,CAAC;",
      "names": []
    },
    "_coverageSchema": "1a1c01bbd47fc00a2c39e90264f33305004495a9",
    "hash": "e8d694ecb47a07a2726e51ecf58716e70db3577f"
  },
  "/Users/macbook/Downloads/react/react1/src/pages/about/about.tsx": {
    "path": "/Users/macbook/Downloads/react/react1/src/pages/about/about.tsx",
    "statementMap": {
      "0": {
        "start": {
          "line": 5,
          "column": 0
        },
        "end": {
          "line": 15,
          "column": 1
        }
      },
      "1": {
        "start": {
          "line": 6,
          "column": 2
        },
        "end": {
          "line": 8,
          "column": 3
        }
      },
      "2": {
        "start": {
          "line": 7,
          "column": 4
        },
        "end": {
          "line": 7,
          "column": 165
        }
      },
      "3": {
        "start": {
          "line": 9,
          "column": 2
        },
        "end": {
          "line": 9,
          "column": 39
        }
      },
      "4": {
        "start": {
          "line": 10,
          "column": 2
        },
        "end": {
          "line": 10,
          "column": 39
        }
      },
      "5": {
        "start": {
          "line": 11,
          "column": 2
        },
        "end": {
          "line": 13,
          "column": 4
        }
      },
      "6": {
        "start": {
          "line": 12,
          "column": 4
        },
        "end": {
          "line": 12,
          "column": 107
        }
      },
      "7": {
        "start": {
          "line": 14,
          "column": 2
        },
        "end": {
          "line": 14,
          "column": 75
        }
      },
      "8": {
        "start": {
          "line": 18,
          "column": 21
        },
        "end": {
          "line": 78,
          "column": 1
        }
      },
      "9": {
        "start": {
          "line": 19,
          "column": 2
        },
        "end": {
          "line": 77,
          "column": 11
        }
      },
      "10": {
        "start": {
          "line": 79,
          "column": 0
        },
        "end": {
          "line": 79,
          "column": 11
        }
      },
      "11": {
        "start": {
          "line": 81,
          "column": 0
        },
        "end": {
          "line": 81,
          "column": 26
        }
      },
      "12": {
        "start": {
          "line": 82,
          "column": 0
        },
        "end": {
          "line": 98,
          "column": 1
        }
      },
      "13": {
        "start": {
          "line": 83,
          "column": 2
        },
        "end": {
          "line": 83,
          "column": 39
        }
      },
      "14": {
        "start": {
          "line": 84,
          "column": 2
        },
        "end": {
          "line": 84,
          "column": 39
        }
      },
      "15": {
        "start": {
          "line": 85,
          "column": 2
        },
        "end": {
          "line": 97,
          "column": 5
        }
      },
      "16": {
        "start": {
          "line": 89,
          "column": 4
        },
        "end": {
          "line": 89,
          "column": 133
        }
      },
      "17": {
        "start": {
          "line": 90,
          "column": 4
        },
        "end": {
          "line": 96,
          "column": 7
        }
      },
      "18": {
        "start": {
          "line": 91,
          "column": 6
        },
        "end": {
          "line": 92,
          "column": 15
        }
      },
      "19": {
        "start": {
          "line": 92,
          "column": 8
        },
        "end": {
          "line": 92,
          "column": 15
        }
      },
      "20": {
        "start": {
          "line": 93,
          "column": 32
        },
        "end": {
          "line": 93,
          "column": 115
        }
      },
      "21": {
        "start": {
          "line": 94,
          "column": 6
        },
        "end": {
          "line": 95,
          "column": 54
        }
      },
      "22": {
        "start": {
          "line": 95,
          "column": 8
        },
        "end": {
          "line": 95,
          "column": 54
        }
      }
    },
    "fnMap": {
      "0": {
        "name": "(anonymous_0)",
        "decl": {
          "start": {
            "line": 11,
            "column": 24
          },
          "end": {
            "line": 11,
            "column": 25
          }
        },
        "loc": {
          "start": {
            "line": 11,
            "column": 38
          },
          "end": {
            "line": 13,
            "column": 3
          }
        },
        "line": 11
      },
      "1": {
        "name": "(anonymous_1)",
        "decl": {
          "start": {
            "line": 18,
            "column": 21
          },
          "end": {
            "line": 18,
            "column": 22
          }
        },
        "loc": {
          "start": {
            "line": 18,
            "column": 27
          },
          "end": {
            "line": 78,
            "column": 1
          }
        },
        "line": 18
      },
      "2": {
        "name": "(anonymous_2)",
        "decl": {
          "start": {
            "line": 88,
            "column": 9
          },
          "end": {
            "line": 88,
            "column": 10
          }
        },
        "loc": {
          "start": {
            "line": 88,
            "column": 29
          },
          "end": {
            "line": 97,
            "column": 3
          }
        },
        "line": 88
      },
      "3": {
        "name": "(anonymous_3)",
        "decl": {
          "start": {
            "line": 90,
            "column": 27
          },
          "end": {
            "line": 90,
            "column": 28
          }
        },
        "loc": {
          "start": {
            "line": 90,
            "column": 44
          },
          "end": {
            "line": 96,
            "column": 5
          }
        },
        "line": 90
      }
    },
    "branchMap": {
      "0": {
        "loc": {
          "start": {
            "line": 5,
            "column": 0
          },
          "end": {
            "line": 15,
            "column": 1
          }
        },
        "type": "if",
        "locations": [
          {
            "start": {
              "line": 5,
              "column": 0
            },
            "end": {
              "line": 15,
              "column": 1
            }
          },
          {
            "start": {},
            "end": {}
          }
        ],
        "line": 5
      },
      "1": {
        "loc": {
          "start": {
            "line": 6,
            "column": 2
          },
          "end": {
            "line": 8,
            "column": 3
          }
        },
        "type": "if",
        "locations": [
          {
            "start": {
              "line": 6,
              "column": 2
            },
            "end": {
              "line": 8,
              "column": 3
            }
          },
          {
            "start": {},
            "end": {}
          }
        ],
        "line": 6
      },
      "2": {
        "loc": {
          "start": {
            "line": 82,
            "column": 0
          },
          "end": {
            "line": 98,
            "column": 1
          }
        },
        "type": "if",
        "locations": [
          {
            "start": {
              "line": 82,
              "column": 0
            },
            "end": {
              "line": 98,
              "column": 1
            }
          },
          {
            "start": {},
            "end": {}
          }
        ],
        "line": 82
      },
      "3": {
        "loc": {
          "start": {
            "line": 91,
            "column": 6
          },
          "end": {
            "line": 92,
            "column": 15
          }
        },
        "type": "if",
        "locations": [
          {
            "start": {
              "line": 91,
              "column": 6
            },
            "end": {
              "line": 92,
              "column": 15
            }
          },
          {
            "start": {},
            "end": {}
          }
        ],
        "line": 91
      },
      "4": {
        "loc": {
          "start": {
            "line": 94,
            "column": 6
          },
          "end": {
            "line": 95,
            "column": 54
          }
        },
        "type": "if",
        "locations": [
          {
            "start": {
              "line": 94,
              "column": 6
            },
            "end": {
              "line": 95,
              "column": 54
            }
          },
          {
            "start": {},
            "end": {}
          }
        ],
        "line": 94
      }
    },
    "s": {
      "0": 5,
      "1": 5,
      "2": 0,
      "3": 5,
      "4": 5,
      "5": 5,
      "6": 5,
      "7": 5,
      "8": 5,
      "9": 2,
      "10": 5,
      "11": 5,
      "12": 5,
      "13": 5,
      "14": 5,
      "15": 5,
      "16": 5,
      "17": 5,
      "18": 0,
      "19": 0,
      "20": 0,
      "21": 0,
      "22": 0
    },
    "f": {
      "0": 5,
      "1": 2,
      "2": 5,
      "3": 0
    },
    "b": {
      "0": [
        5,
        0
      ],
      "1": [
        0,
        5
      ],
      "2": [
        5,
        0
      ],
      "3": [
        0,
        0
      ],
      "4": [
        0,
        0
      ]
    },
    "inputSourceMap": {
      "version": 3,
      "mappings": "AAOM;AAPN,OAAOA,oBAAkB;AAAA;AAAA;AAAA;AAAA;AAAA;AAAA;AAAA;AAAA;AAAA;AAAA;AAAA;AAAA;AAAA;AACzB,OAAOC,YAAY;AACnB,SAASC,eAAe;AAEjB,aAAMC,QAAQA,MAAM;AACzB,SACE,uBAAC,aAAQ,WAAU,mBAAkB,eAAY,SAC/C;AAAA,2BAAC,SAAI,WAAU,UAAS,OAAM,SAAQ,KAAKF,QAAQ,KAAI,YAAvD;AAAA;AAAA;AAAA;AAAA,WAA+D;AAAA,IAC/D,uBAAC,SAAI,WAAU,aACb;AAAA,6BAAC,QAAG,+BAAJ;AAAA;AAAA;AAAA;AAAA,aAAmB;AAAA,MACnB,uBAAC,OAAC,8SAAF;AAAA;AAAA;AAAA;AAAA,aAKA;AAAA,MACA,uBAAC,OAAC,qaAAF;AAAA;AAAA;AAAA;AAAA,aAMA;AAAA,MACA,uBAAC,OAAC;AAAA;AAAA,QAC6C,uBAAC,YAAO,8BAAR;AAAA;AAAA;AAAA;AAAA,eAAsB;AAAA,QAAS;AAAA,WAD9E;AAAA;AAAA;AAAA;AAAA,aAEA;AAAA,MACA,uBAAC,OAAC;AAAA;AAAA,QAGuD;AAAA,QACvD,uBAAC,WAAQ,IAAG,YAAW,4BAAvB;AAAA;AAAA;AAAA;AAAA,eAAmC;AAAA,QAAU;AAAA,WAJ/C;AAAA;AAAA;AAAA;AAAA,aAKA;AAAA,SAvBF;AAAA;AAAA;AAAA;AAAA,WAwBA;AAAA,OA1BF;AAAA;AAAA;AAAA;AAAA,SA2BA;AAEJ;AAAEG,KA/BWD;AAAK,IAAAC;AAAAC,aAAAD,IAAA",
      "names": [
        "React",
        "Create",
        "NavLink",
        "About",
        "_c",
        "$RefreshReg$"
      ],
      "sources": [
        "/Users/macbook/Downloads/react/react1/src/pages/about/about.tsx"
      ],
      "file": "/Users/macbook/Downloads/react/react1/src/pages/about/about.tsx"
    },
    "_coverageSchema": "1a1c01bbd47fc00a2c39e90264f33305004495a9",
    "hash": "bef3301c31b2c5895defd4e2e3cfcb570afc40c1"
  },
  "/Users/macbook/Downloads/react/react1/src/components/Forms/FormDate.tsx": {
    "path": "/Users/macbook/Downloads/react/react1/src/components/Forms/FormDate.tsx",
    "statementMap": {
      "0": {
        "start": {
          "line": 5,
          "column": 0
        },
        "end": {
          "line": 15,
          "column": 1
        }
      },
      "1": {
        "start": {
          "line": 6,
          "column": 2
        },
        "end": {
          "line": 8,
          "column": 3
        }
      },
      "2": {
        "start": {
          "line": 7,
          "column": 4
        },
        "end": {
          "line": 7,
          "column": 165
        }
      },
      "3": {
        "start": {
          "line": 9,
          "column": 2
        },
        "end": {
          "line": 9,
          "column": 39
        }
      },
      "4": {
        "start": {
          "line": 10,
          "column": 2
        },
        "end": {
          "line": 10,
          "column": 39
        }
      },
      "5": {
        "start": {
          "line": 11,
          "column": 2
        },
        "end": {
          "line": 13,
          "column": 4
        }
      },
      "6": {
        "start": {
          "line": 12,
          "column": 4
        },
        "end": {
          "line": 12,
          "column": 115
        }
      },
      "7": {
        "start": {
          "line": 14,
          "column": 2
        },
        "end": {
          "line": 14,
          "column": 75
        }
      },
      "8": {
        "start": {
          "line": 16,
          "column": 24
        },
        "end": {
          "line": 59,
          "column": 1
        }
      },
      "9": {
        "start": {
          "line": 23,
          "column": 6
        },
        "end": {
          "line": 23,
          "column": 11
        }
      },
      "10": {
        "start": {
          "line": 24,
          "column": 2
        },
        "end": {
          "line": 58,
          "column": 11
        }
      },
      "11": {
        "start": {
          "line": 60,
          "column": 0
        },
        "end": {
          "line": 60,
          "column": 14
        }
      },
      "12": {
        "start": {
          "line": 62,
          "column": 0
        },
        "end": {
          "line": 62,
          "column": 29
        }
      },
      "13": {
        "start": {
          "line": 63,
          "column": 0
        },
        "end": {
          "line": 79,
          "column": 1
        }
      },
      "14": {
        "start": {
          "line": 64,
          "column": 2
        },
        "end": {
          "line": 64,
          "column": 39
        }
      },
      "15": {
        "start": {
          "line": 65,
          "column": 2
        },
        "end": {
          "line": 65,
          "column": 39
        }
      },
      "16": {
        "start": {
          "line": 66,
          "column": 2
        },
        "end": {
          "line": 78,
          "column": 5
        }
      },
      "17": {
        "start": {
          "line": 70,
          "column": 4
        },
        "end": {
          "line": 70,
          "column": 141
        }
      },
      "18": {
        "start": {
          "line": 71,
          "column": 4
        },
        "end": {
          "line": 77,
          "column": 7
        }
      },
      "19": {
        "start": {
          "line": 72,
          "column": 6
        },
        "end": {
          "line": 73,
          "column": 15
        }
      },
      "20": {
        "start": {
          "line": 73,
          "column": 8
        },
        "end": {
          "line": 73,
          "column": 15
        }
      },
      "21": {
        "start": {
          "line": 74,
          "column": 32
        },
        "end": {
          "line": 74,
          "column": 115
        }
      },
      "22": {
        "start": {
          "line": 75,
          "column": 6
        },
        "end": {
          "line": 76,
          "column": 54
        }
      },
      "23": {
        "start": {
          "line": 76,
          "column": 8
        },
        "end": {
          "line": 76,
          "column": 54
        }
      }
    },
    "fnMap": {
      "0": {
        "name": "(anonymous_0)",
        "decl": {
          "start": {
            "line": 11,
            "column": 24
          },
          "end": {
            "line": 11,
            "column": 25
          }
        },
        "loc": {
          "start": {
            "line": 11,
            "column": 38
          },
          "end": {
            "line": 13,
            "column": 3
          }
        },
        "line": 11
      },
      "1": {
        "name": "(anonymous_1)",
        "decl": {
          "start": {
            "line": 16,
            "column": 24
          },
          "end": {
            "line": 16,
            "column": 25
          }
        },
        "loc": {
          "start": {
            "line": 16,
            "column": 35
          },
          "end": {
            "line": 59,
            "column": 1
          }
        },
        "line": 16
      },
      "2": {
        "name": "(anonymous_2)",
        "decl": {
          "start": {
            "line": 69,
            "column": 9
          },
          "end": {
            "line": 69,
            "column": 10
          }
        },
        "loc": {
          "start": {
            "line": 69,
            "column": 29
          },
          "end": {
            "line": 78,
            "column": 3
          }
        },
        "line": 69
      },
      "3": {
        "name": "(anonymous_3)",
        "decl": {
          "start": {
            "line": 71,
            "column": 27
          },
          "end": {
            "line": 71,
            "column": 28
          }
        },
        "loc": {
          "start": {
            "line": 71,
            "column": 44
          },
          "end": {
            "line": 77,
            "column": 5
          }
        },
        "line": 71
      }
    },
    "branchMap": {
      "0": {
        "loc": {
          "start": {
            "line": 5,
            "column": 0
          },
          "end": {
            "line": 15,
            "column": 1
          }
        },
        "type": "if",
        "locations": [
          {
            "start": {
              "line": 5,
              "column": 0
            },
            "end": {
              "line": 15,
              "column": 1
            }
          },
          {
            "start": {},
            "end": {}
          }
        ],
        "line": 5
      },
      "1": {
        "loc": {
          "start": {
            "line": 6,
            "column": 2
          },
          "end": {
            "line": 8,
            "column": 3
          }
        },
        "type": "if",
        "locations": [
          {
            "start": {
              "line": 6,
              "column": 2
            },
            "end": {
              "line": 8,
              "column": 3
            }
          },
          {
            "start": {},
            "end": {}
          }
        ],
        "line": 6
      },
      "2": {
        "loc": {
          "start": {
            "line": 45,
            "column": 66
          },
          "end": {
            "line": 49,
            "column": 12
          }
        },
        "type": "binary-expr",
        "locations": [
          {
            "start": {
              "line": 45,
              "column": 66
            },
            "end": {
              "line": 45,
              "column": 78
            }
          },
          {
            "start": {
              "line": 45,
              "column": 98
            },
            "end": {
              "line": 49,
              "column": 12
            }
          }
        ],
        "line": 45
      },
      "3": {
        "loc": {
          "start": {
            "line": 45,
            "column": 122
          },
          "end": {
            "line": 45,
            "column": 157
          }
        },
        "type": "binary-expr",
        "locations": [
          {
            "start": {
              "line": 45,
              "column": 122
            },
            "end": {
              "line": 45,
              "column": 146
            }
          },
          {
            "start": {
              "line": 45,
              "column": 150
            },
            "end": {
              "line": 45,
              "column": 157
            }
          }
        ],
        "line": 45
      },
      "4": {
        "loc": {
          "start": {
            "line": 63,
            "column": 0
          },
          "end": {
            "line": 79,
            "column": 1
          }
        },
        "type": "if",
        "locations": [
          {
            "start": {
              "line": 63,
              "column": 0
            },
            "end": {
              "line": 79,
              "column": 1
            }
          },
          {
            "start": {},
            "end": {}
          }
        ],
        "line": 63
      },
      "5": {
        "loc": {
          "start": {
            "line": 72,
            "column": 6
          },
          "end": {
            "line": 73,
            "column": 15
          }
        },
        "type": "if",
        "locations": [
          {
            "start": {
              "line": 72,
              "column": 6
            },
            "end": {
              "line": 73,
              "column": 15
            }
          },
          {
            "start": {},
            "end": {}
          }
        ],
        "line": 72
      },
      "6": {
        "loc": {
          "start": {
            "line": 75,
            "column": 6
          },
          "end": {
            "line": 76,
            "column": 54
          }
        },
        "type": "if",
        "locations": [
          {
            "start": {
              "line": 75,
              "column": 6
            },
            "end": {
              "line": 76,
              "column": 54
            }
          },
          {
            "start": {},
            "end": {}
          }
        ],
        "line": 75
      }
    },
    "s": {
      "0": 5,
      "1": 5,
      "2": 0,
      "3": 5,
      "4": 5,
      "5": 5,
      "6": 5,
      "7": 5,
      "8": 5,
      "9": 16,
      "10": 16,
      "11": 5,
      "12": 5,
      "13": 5,
      "14": 5,
      "15": 5,
      "16": 5,
      "17": 5,
      "18": 5,
      "19": 0,
      "20": 0,
      "21": 0,
      "22": 0,
      "23": 0
    },
    "f": {
      "0": 5,
      "1": 16,
      "2": 5,
      "3": 0
    },
    "b": {
      "0": [
        5,
        0
      ],
      "1": [
        0,
        5
      ],
      "2": [
        16,
        0
      ],
      "3": [
        0,
        0
      ],
      "4": [
        5,
        0
      ],
      "5": [
        0,
        0
      ],
      "6": [
        0,
        0
      ]
    },
    "inputSourceMap": {
      "version": 3,
      "mappings": "AAkBQ;AAlBR,OAAOA,oBAAkB;AAAA;AAAA;AAAA;AAAA;AAAA;AAAA;AAAA;AAAA;AAAA;AAAA;AAAA;AAAA;AAAA;AAalB,aAAMC,WAAgCC,WAAU;AACrD,QAAM;AAAA,IAAEC;AAAAA,IAAOC;AAAAA,IAAUC;AAAAA,IAAUC;AAAAA,IAAQC;AAAAA,EAAM,IAAIL;AACrD,SACE,uBAAC,SAAI,WAAU,aACb;AAAA,2BAAC,WAAM,SAAQ,QACb,iCAAC,QAAG,oBAAJ;AAAA;AAAA;AAAA;AAAA,WAAQ,KADV;AAAA;AAAA;AAAA;AAAA,WAEA;AAAA,IACA,uBAAC,WACC,MAAK,QACL,OACA,GAAIG,SAASE,OAAO;AAAA,MAClBC,UAAU;AAAA,MACVC,WAAW;AAAA,QACTN,OAAO;AAAA,QACPO,SAAS;AAAA,MACX;AAAA,IACF,CAAC,GACD,UACA,WAAU,gBAXZ;AAAA;AAAA;AAAA;AAAA,WAWwB;AAAA,IAExB,uBAAC,SAAI,WAAU,SAASJ,kBAAQK,QAAQ,uBAAC,OAAI,aAAEL,OAAOK,KAAKD,aAAa,WAAhC;AAAA;AAAA;AAAA;AAAA,WAAwC,KAAhF;AAAA;AAAA;AAAA;AAAA,WAAqF;AAAA,OAjBvF;AAAA;AAAA;AAAA;AAAA,SAkBA;AAEJ;AAAEE,KAvBWX;AAA4B,IAAAW;AAAAC,aAAAD,IAAA",
      "names": [
        "React",
        "FormDate",
        "props",
        "value",
        "onChange",
        "register",
        "errors",
        "label",
        "required",
        "maxLength",
        "message",
        "date",
        "_c",
        "$RefreshReg$"
      ],
      "sources": [
        "/Users/macbook/Downloads/react/react1/src/components/Forms/FormDate.tsx"
      ],
      "file": "/Users/macbook/Downloads/react/react1/src/components/Forms/FormDate.tsx"
    },
    "_coverageSchema": "1a1c01bbd47fc00a2c39e90264f33305004495a9",
    "hash": "37fdc3a1dc47888a130e6b90343e7f4a0f483681"
  },
  "/Users/macbook/Downloads/react/react1/src/components/Forms/ButtonForm.tsx": {
    "path": "/Users/macbook/Downloads/react/react1/src/components/Forms/ButtonForm.tsx",
    "statementMap": {
      "0": {
        "start": {
          "line": 5,
          "column": 0
        },
        "end": {
          "line": 15,
          "column": 1
        }
      },
      "1": {
        "start": {
          "line": 6,
          "column": 2
        },
        "end": {
          "line": 8,
          "column": 3
        }
      },
      "2": {
        "start": {
          "line": 7,
          "column": 4
        },
        "end": {
          "line": 7,
          "column": 165
        }
      },
      "3": {
        "start": {
          "line": 9,
          "column": 2
        },
        "end": {
          "line": 9,
          "column": 39
        }
      },
      "4": {
        "start": {
          "line": 10,
          "column": 2
        },
        "end": {
          "line": 10,
          "column": 39
        }
      },
      "5": {
        "start": {
          "line": 11,
          "column": 2
        },
        "end": {
          "line": 13,
          "column": 4
        }
      },
      "6": {
        "start": {
          "line": 12,
          "column": 4
        },
        "end": {
          "line": 12,
          "column": 117
        }
      },
      "7": {
        "start": {
          "line": 14,
          "column": 2
        },
        "end": {
          "line": 14,
          "column": 75
        }
      },
      "8": {
        "start": {
          "line": 16,
          "column": 26
        },
        "end": {
          "line": 44,
          "column": 1
        }
      },
      "9": {
        "start": {
          "line": 21,
          "column": 6
        },
        "end": {
          "line": 21,
          "column": 11
        }
      },
      "10": {
        "start": {
          "line": 22,
          "column": 2
        },
        "end": {
          "line": 43,
          "column": 11
        }
      },
      "11": {
        "start": {
          "line": 45,
          "column": 0
        },
        "end": {
          "line": 45,
          "column": 16
        }
      },
      "12": {
        "start": {
          "line": 47,
          "column": 0
        },
        "end": {
          "line": 47,
          "column": 31
        }
      },
      "13": {
        "start": {
          "line": 48,
          "column": 0
        },
        "end": {
          "line": 64,
          "column": 1
        }
      },
      "14": {
        "start": {
          "line": 49,
          "column": 2
        },
        "end": {
          "line": 49,
          "column": 39
        }
      },
      "15": {
        "start": {
          "line": 50,
          "column": 2
        },
        "end": {
          "line": 50,
          "column": 39
        }
      },
      "16": {
        "start": {
          "line": 51,
          "column": 2
        },
        "end": {
          "line": 63,
          "column": 5
        }
      },
      "17": {
        "start": {
          "line": 55,
          "column": 4
        },
        "end": {
          "line": 55,
          "column": 143
        }
      },
      "18": {
        "start": {
          "line": 56,
          "column": 4
        },
        "end": {
          "line": 62,
          "column": 7
        }
      },
      "19": {
        "start": {
          "line": 57,
          "column": 6
        },
        "end": {
          "line": 58,
          "column": 15
        }
      },
      "20": {
        "start": {
          "line": 58,
          "column": 8
        },
        "end": {
          "line": 58,
          "column": 15
        }
      },
      "21": {
        "start": {
          "line": 59,
          "column": 32
        },
        "end": {
          "line": 59,
          "column": 115
        }
      },
      "22": {
        "start": {
          "line": 60,
          "column": 6
        },
        "end": {
          "line": 61,
          "column": 54
        }
      },
      "23": {
        "start": {
          "line": 61,
          "column": 8
        },
        "end": {
          "line": 61,
          "column": 54
        }
      }
    },
    "fnMap": {
      "0": {
        "name": "(anonymous_0)",
        "decl": {
          "start": {
            "line": 11,
            "column": 24
          },
          "end": {
            "line": 11,
            "column": 25
          }
        },
        "loc": {
          "start": {
            "line": 11,
            "column": 38
          },
          "end": {
            "line": 13,
            "column": 3
          }
        },
        "line": 11
      },
      "1": {
        "name": "(anonymous_1)",
        "decl": {
          "start": {
            "line": 16,
            "column": 26
          },
          "end": {
            "line": 16,
            "column": 27
          }
        },
        "loc": {
          "start": {
            "line": 16,
            "column": 37
          },
          "end": {
            "line": 44,
            "column": 1
          }
        },
        "line": 16
      },
      "2": {
        "name": "(anonymous_2)",
        "decl": {
          "start": {
            "line": 54,
            "column": 9
          },
          "end": {
            "line": 54,
            "column": 10
          }
        },
        "loc": {
          "start": {
            "line": 54,
            "column": 29
          },
          "end": {
            "line": 63,
            "column": 3
          }
        },
        "line": 54
      },
      "3": {
        "name": "(anonymous_3)",
        "decl": {
          "start": {
            "line": 56,
            "column": 27
          },
          "end": {
            "line": 56,
            "column": 28
          }
        },
        "loc": {
          "start": {
            "line": 56,
            "column": 44
          },
          "end": {
            "line": 62,
            "column": 5
          }
        },
        "line": 56
      }
    },
    "branchMap": {
      "0": {
        "loc": {
          "start": {
            "line": 5,
            "column": 0
          },
          "end": {
            "line": 15,
            "column": 1
          }
        },
        "type": "if",
        "locations": [
          {
            "start": {
              "line": 5,
              "column": 0
            },
            "end": {
              "line": 15,
              "column": 1
            }
          },
          {
            "start": {},
            "end": {}
          }
        ],
        "line": 5
      },
      "1": {
        "loc": {
          "start": {
            "line": 6,
            "column": 2
          },
          "end": {
            "line": 8,
            "column": 3
          }
        },
        "type": "if",
        "locations": [
          {
            "start": {
              "line": 6,
              "column": 2
            },
            "end": {
              "line": 8,
              "column": 3
            }
          },
          {
            "start": {},
            "end": {}
          }
        ],
        "line": 6
      },
      "2": {
        "loc": {
          "start": {
            "line": 30,
            "column": 66
          },
          "end": {
            "line": 34,
            "column": 12
          }
        },
        "type": "binary-expr",
        "locations": [
          {
            "start": {
              "line": 30,
              "column": 67
            },
            "end": {
              "line": 30,
              "column": 80
            }
          },
          {
            "start": {
              "line": 30,
              "column": 84
            },
            "end": {
              "line": 30,
              "column": 96
            }
          },
          {
            "start": {
              "line": 30,
              "column": 100
            },
            "end": {
              "line": 30,
              "column": 112
            }
          },
          {
            "start": {
              "line": 30,
              "column": 116
            },
            "end": {
              "line": 30,
              "column": 130
            }
          },
          {
            "start": {
              "line": 30,
              "column": 134
            },
            "end": {
              "line": 30,
              "column": 147
            }
          },
          {
            "start": {
              "line": 30,
              "column": 168
            },
            "end": {
              "line": 34,
              "column": 12
            }
          }
        ],
        "line": 30
      },
      "3": {
        "loc": {
          "start": {
            "line": 48,
            "column": 0
          },
          "end": {
            "line": 64,
            "column": 1
          }
        },
        "type": "if",
        "locations": [
          {
            "start": {
              "line": 48,
              "column": 0
            },
            "end": {
              "line": 64,
              "column": 1
            }
          },
          {
            "start": {},
            "end": {}
          }
        ],
        "line": 48
      },
      "4": {
        "loc": {
          "start": {
            "line": 57,
            "column": 6
          },
          "end": {
            "line": 58,
            "column": 15
          }
        },
        "type": "if",
        "locations": [
          {
            "start": {
              "line": 57,
              "column": 6
            },
            "end": {
              "line": 58,
              "column": 15
            }
          },
          {
            "start": {},
            "end": {}
          }
        ],
        "line": 57
      },
      "5": {
        "loc": {
          "start": {
            "line": 60,
            "column": 6
          },
          "end": {
            "line": 61,
            "column": 54
          }
        },
        "type": "if",
        "locations": [
          {
            "start": {
              "line": 60,
              "column": 6
            },
            "end": {
              "line": 61,
              "column": 54
            }
          },
          {
            "start": {},
            "end": {}
          }
        ],
        "line": 60
      }
    },
    "s": {
      "0": 5,
      "1": 5,
      "2": 0,
      "3": 5,
      "4": 5,
      "5": 5,
      "6": 5,
      "7": 5,
      "8": 5,
      "9": 16,
      "10": 16,
      "11": 5,
      "12": 5,
      "13": 5,
      "14": 5,
      "15": 5,
      "16": 5,
      "17": 5,
      "18": 5,
      "19": 0,
      "20": 0,
      "21": 0,
      "22": 0,
      "23": 0
    },
    "f": {
      "0": 5,
      "1": 16,
      "2": 5,
      "3": 0
    },
    "b": {
      "0": [
        5,
        0
      ],
      "1": [
        0,
        5
      ],
      "2": [
        16,
        16,
        16,
        16,
        16,
        0
      ],
      "3": [
        5,
        0
      ],
      "4": [
        0,
        0
      ],
      "5": [
        0,
        0
      ]
    },
    "inputSourceMap": {
      "version": 3,
      "mappings": "AAcM;AAdN,OAAOA,oBAAkB;AAAA;AAAA;AAAA;AAAA;AAAA;AAAA;AAAA;AAAA;AAAA;AAAA;AAAA;AAAA;AAAA;AAUlB,aAAMC,aAAmCC,WAAU;AACxD,QAAM;AAAA,IAAEC;AAAAA,IAAUC;AAAAA,IAAQC;AAAAA,EAAM,IAAIH;AACpC,SACE,uBAAC,SAAI,WAAU,aAAY,eAAY,eACrC;AAAA,2BAAC,WACC,WAAU,eACV,MAAK,UACL,GAAIC,SAASE,OAAO;AAAA,MAClBC,UAAU;AAAA,IACZ,CAAC,GACD,OAAM,YANR;AAAA;AAAA;AAAA;AAAA,WAMgB;AAAA,IAEhB,uBAAC,SAAI,WAAU,SACXF,mBAAQG,SAASH,QAAQI,QAAQJ,QAAQK,QAAQL,QAAQM,UAAUN,QAAQO,UAC3E,uBAAC,OAAE,sDAAH;AAAA;AAAA;AAAA;AAAA,WAAyC,KAF7C;AAAA;AAAA;AAAA;AAAA,WAIA;AAAA,OAbF;AAAA;AAAA;AAAA;AAAA,SAcA;AAEJ;AAAEC,KAnBWX;AAA+B,IAAAW;AAAAC,aAAAD,IAAA",
      "names": [
        "React",
        "ButtonForm",
        "props",
        "register",
        "errors",
        "label",
        "required",
        "title",
        "date",
        "file",
        "select",
        "radio",
        "_c",
        "$RefreshReg$"
      ],
      "sources": [
        "/Users/macbook/Downloads/react/react1/src/components/Forms/ButtonForm.tsx"
      ],
      "file": "/Users/macbook/Downloads/react/react1/src/components/Forms/ButtonForm.tsx"
    },
    "_coverageSchema": "1a1c01bbd47fc00a2c39e90264f33305004495a9",
    "hash": "a53eba6307ff1d0e335f3b0cd9c67b7249d54dc7"
  },
  "/Users/macbook/Downloads/react/react1/src/components/Forms/FormTitle.tsx": {
    "path": "/Users/macbook/Downloads/react/react1/src/components/Forms/FormTitle.tsx",
    "statementMap": {
      "0": {
        "start": {
          "line": 5,
          "column": 0
        },
        "end": {
          "line": 15,
          "column": 1
        }
      },
      "1": {
        "start": {
          "line": 6,
          "column": 2
        },
        "end": {
          "line": 8,
          "column": 3
        }
      },
      "2": {
        "start": {
          "line": 7,
          "column": 4
        },
        "end": {
          "line": 7,
          "column": 165
        }
      },
      "3": {
        "start": {
          "line": 9,
          "column": 2
        },
        "end": {
          "line": 9,
          "column": 39
        }
      },
      "4": {
        "start": {
          "line": 10,
          "column": 2
        },
        "end": {
          "line": 10,
          "column": 39
        }
      },
      "5": {
        "start": {
          "line": 11,
          "column": 2
        },
        "end": {
          "line": 13,
          "column": 4
        }
      },
      "6": {
        "start": {
          "line": 12,
          "column": 4
        },
        "end": {
          "line": 12,
          "column": 116
        }
      },
      "7": {
        "start": {
          "line": 14,
          "column": 2
        },
        "end": {
          "line": 14,
          "column": 75
        }
      },
      "8": {
        "start": {
          "line": 16,
          "column": 18
        },
        "end": {
          "line": 59,
          "column": 1
        }
      },
      "9": {
        "start": {
          "line": 23,
          "column": 6
        },
        "end": {
          "line": 23,
          "column": 11
        }
      },
      "10": {
        "start": {
          "line": 24,
          "column": 2
        },
        "end": {
          "line": 58,
          "column": 11
        }
      },
      "11": {
        "start": {
          "line": 60,
          "column": 0
        },
        "end": {
          "line": 60,
          "column": 15
        }
      },
      "12": {
        "start": {
          "line": 63,
          "column": 0
        },
        "end": {
          "line": 63,
          "column": 30
        }
      },
      "13": {
        "start": {
          "line": 64,
          "column": 0
        },
        "end": {
          "line": 80,
          "column": 1
        }
      },
      "14": {
        "start": {
          "line": 65,
          "column": 2
        },
        "end": {
          "line": 65,
          "column": 39
        }
      },
      "15": {
        "start": {
          "line": 66,
          "column": 2
        },
        "end": {
          "line": 66,
          "column": 39
        }
      },
      "16": {
        "start": {
          "line": 67,
          "column": 2
        },
        "end": {
          "line": 79,
          "column": 5
        }
      },
      "17": {
        "start": {
          "line": 71,
          "column": 4
        },
        "end": {
          "line": 71,
          "column": 142
        }
      },
      "18": {
        "start": {
          "line": 72,
          "column": 4
        },
        "end": {
          "line": 78,
          "column": 7
        }
      },
      "19": {
        "start": {
          "line": 73,
          "column": 6
        },
        "end": {
          "line": 74,
          "column": 15
        }
      },
      "20": {
        "start": {
          "line": 74,
          "column": 8
        },
        "end": {
          "line": 74,
          "column": 15
        }
      },
      "21": {
        "start": {
          "line": 75,
          "column": 32
        },
        "end": {
          "line": 75,
          "column": 115
        }
      },
      "22": {
        "start": {
          "line": 76,
          "column": 6
        },
        "end": {
          "line": 77,
          "column": 54
        }
      },
      "23": {
        "start": {
          "line": 77,
          "column": 8
        },
        "end": {
          "line": 77,
          "column": 54
        }
      }
    },
    "fnMap": {
      "0": {
        "name": "(anonymous_0)",
        "decl": {
          "start": {
            "line": 11,
            "column": 24
          },
          "end": {
            "line": 11,
            "column": 25
          }
        },
        "loc": {
          "start": {
            "line": 11,
            "column": 38
          },
          "end": {
            "line": 13,
            "column": 3
          }
        },
        "line": 11
      },
      "1": {
        "name": "(anonymous_1)",
        "decl": {
          "start": {
            "line": 16,
            "column": 18
          },
          "end": {
            "line": 16,
            "column": 19
          }
        },
        "loc": {
          "start": {
            "line": 16,
            "column": 29
          },
          "end": {
            "line": 59,
            "column": 1
          }
        },
        "line": 16
      },
      "2": {
        "name": "(anonymous_2)",
        "decl": {
          "start": {
            "line": 70,
            "column": 9
          },
          "end": {
            "line": 70,
            "column": 10
          }
        },
        "loc": {
          "start": {
            "line": 70,
            "column": 29
          },
          "end": {
            "line": 79,
            "column": 3
          }
        },
        "line": 70
      },
      "3": {
        "name": "(anonymous_3)",
        "decl": {
          "start": {
            "line": 72,
            "column": 27
          },
          "end": {
            "line": 72,
            "column": 28
          }
        },
        "loc": {
          "start": {
            "line": 72,
            "column": 44
          },
          "end": {
            "line": 78,
            "column": 5
          }
        },
        "line": 72
      }
    },
    "branchMap": {
      "0": {
        "loc": {
          "start": {
            "line": 5,
            "column": 0
          },
          "end": {
            "line": 15,
            "column": 1
          }
        },
        "type": "if",
        "locations": [
          {
            "start": {
              "line": 5,
              "column": 0
            },
            "end": {
              "line": 15,
              "column": 1
            }
          },
          {
            "start": {},
            "end": {}
          }
        ],
        "line": 5
      },
      "1": {
        "loc": {
          "start": {
            "line": 6,
            "column": 2
          },
          "end": {
            "line": 8,
            "column": 3
          }
        },
        "type": "if",
        "locations": [
          {
            "start": {
              "line": 6,
              "column": 2
            },
            "end": {
              "line": 8,
              "column": 3
            }
          },
          {
            "start": {},
            "end": {}
          }
        ],
        "line": 6
      },
      "2": {
        "loc": {
          "start": {
            "line": 45,
            "column": 66
          },
          "end": {
            "line": 49,
            "column": 12
          }
        },
        "type": "binary-expr",
        "locations": [
          {
            "start": {
              "line": 45,
              "column": 66
            },
            "end": {
              "line": 45,
              "column": 79
            }
          },
          {
            "start": {
              "line": 45,
              "column": 99
            },
            "end": {
              "line": 49,
              "column": 12
            }
          }
        ],
        "line": 45
      },
      "3": {
        "loc": {
          "start": {
            "line": 45,
            "column": 123
          },
          "end": {
            "line": 45,
            "column": 159
          }
        },
        "type": "binary-expr",
        "locations": [
          {
            "start": {
              "line": 45,
              "column": 123
            },
            "end": {
              "line": 45,
              "column": 148
            }
          },
          {
            "start": {
              "line": 45,
              "column": 152
            },
            "end": {
              "line": 45,
              "column": 159
            }
          }
        ],
        "line": 45
      },
      "4": {
        "loc": {
          "start": {
            "line": 64,
            "column": 0
          },
          "end": {
            "line": 80,
            "column": 1
          }
        },
        "type": "if",
        "locations": [
          {
            "start": {
              "line": 64,
              "column": 0
            },
            "end": {
              "line": 80,
              "column": 1
            }
          },
          {
            "start": {},
            "end": {}
          }
        ],
        "line": 64
      },
      "5": {
        "loc": {
          "start": {
            "line": 73,
            "column": 6
          },
          "end": {
            "line": 74,
            "column": 15
          }
        },
        "type": "if",
        "locations": [
          {
            "start": {
              "line": 73,
              "column": 6
            },
            "end": {
              "line": 74,
              "column": 15
            }
          },
          {
            "start": {},
            "end": {}
          }
        ],
        "line": 73
      },
      "6": {
        "loc": {
          "start": {
            "line": 76,
            "column": 6
          },
          "end": {
            "line": 77,
            "column": 54
          }
        },
        "type": "if",
        "locations": [
          {
            "start": {
              "line": 76,
              "column": 6
            },
            "end": {
              "line": 77,
              "column": 54
            }
          },
          {
            "start": {},
            "end": {}
          }
        ],
        "line": 76
      }
    },
    "s": {
      "0": 5,
      "1": 5,
      "2": 0,
      "3": 5,
      "4": 5,
      "5": 5,
      "6": 5,
      "7": 5,
      "8": 5,
      "9": 16,
      "10": 16,
      "11": 5,
      "12": 5,
      "13": 5,
      "14": 5,
      "15": 5,
      "16": 5,
      "17": 5,
      "18": 5,
      "19": 0,
      "20": 0,
      "21": 0,
      "22": 0,
      "23": 0
    },
    "f": {
      "0": 5,
      "1": 16,
      "2": 5,
      "3": 0
    },
    "b": {
      "0": [
        5,
        0
      ],
      "1": [
        0,
        5
      ],
      "2": [
        16,
        0
      ],
      "3": [
        0,
        0
      ],
      "4": [
        5,
        0
      ],
      "5": [
        0,
        0
      ],
      "6": [
        0,
        0
      ]
    },
    "inputSourceMap": {
      "version": 3,
      "mappings": "AAkBQ;AAlBR,OAAOA,oBAAkB;AAAA;AAAA;AAAA;AAAA;AAAA;AAAA;AAAA;AAAA;AAAA;AAAA;AAAA;AAAA;AAAA;AAazB,MAAMC,YAAkCC,WAAU;AAChD,QAAM;AAAA,IAAEC;AAAAA,IAAOC;AAAAA,IAAUC;AAAAA,IAAUC;AAAAA,IAAQC;AAAAA,EAAM,IAAIL;AACrD,SACE,uBAAC,SAAI,WAAU,aAAY,eAAY,SACrC;AAAA,2BAAC,WAAM,SAAQ,SACb,iCAAC,QAAG,sBAAJ;AAAA;AAAA;AAAA;AAAA,WAAU,KADZ;AAAA;AAAA;AAAA;AAAA,WAEA;AAAA,IACA,uBAAC,WACC,WAAU,eACV,aAAY,kBACZ,MAAK,QACL,OACA,GAAIG,SAASE,OAAO;AAAA,MAClBC,UAAU;AAAA,MACVC,WAAW;AAAA,QACTN,OAAO;AAAA,QACPO,SAAS;AAAA,MACX;AAAA,IACF,CAAC,GACD,YAZF;AAAA;AAAA;AAAA;AAAA,WAaC;AAAA,IACD,uBAAC,SAAI,WAAU,SAASJ,kBAAQK,SAAS,uBAAC,OAAI,aAAEL,OAAOK,MAAMD,aAAa,WAAjC;AAAA;AAAA;AAAA;AAAA,WAAyC,KAAlF;AAAA;AAAA;AAAA;AAAA,WAAuF;AAAA,OAlBzF;AAAA;AAAA;AAAA;AAAA,SAmBA;AAEJ;AAAEE,KAxBIX;AA0BN,eAAeA;AAAU,IAAAW;AAAAC,aAAAD,IAAA",
      "names": [
        "React",
        "FormTitle",
        "props",
        "value",
        "onChange",
        "register",
        "errors",
        "label",
        "required",
        "minLength",
        "message",
        "title",
        "_c",
        "$RefreshReg$"
      ],
      "sources": [
        "/Users/macbook/Downloads/react/react1/src/components/Forms/FormTitle.tsx"
      ],
      "file": "/Users/macbook/Downloads/react/react1/src/components/Forms/FormTitle.tsx"
    },
    "_coverageSchema": "1a1c01bbd47fc00a2c39e90264f33305004495a9",
    "hash": "e7fd4ba89a1f5995bdb03685e5667768d1aedc31"
  },
  "/Users/macbook/Downloads/react/react1/src/components/Forms/FormSelect.tsx": {
    "path": "/Users/macbook/Downloads/react/react1/src/components/Forms/FormSelect.tsx",
    "statementMap": {
      "0": {
        "start": {
          "line": 5,
          "column": 0
        },
        "end": {
          "line": 15,
          "column": 1
        }
      },
      "1": {
        "start": {
          "line": 6,
          "column": 2
        },
        "end": {
          "line": 8,
          "column": 3
        }
      },
      "2": {
        "start": {
          "line": 7,
          "column": 4
        },
        "end": {
          "line": 7,
          "column": 165
        }
      },
      "3": {
        "start": {
          "line": 9,
          "column": 2
        },
        "end": {
          "line": 9,
          "column": 39
        }
      },
      "4": {
        "start": {
          "line": 10,
          "column": 2
        },
        "end": {
          "line": 10,
          "column": 39
        }
      },
      "5": {
        "start": {
          "line": 11,
          "column": 2
        },
        "end": {
          "line": 13,
          "column": 4
        }
      },
      "6": {
        "start": {
          "line": 12,
          "column": 4
        },
        "end": {
          "line": 12,
          "column": 117
        }
      },
      "7": {
        "start": {
          "line": 14,
          "column": 2
        },
        "end": {
          "line": 14,
          "column": 75
        }
      },
      "8": {
        "start": {
          "line": 16,
          "column": 19
        },
        "end": {
          "line": 86,
          "column": 1
        }
      },
      "9": {
        "start": {
          "line": 23,
          "column": 6
        },
        "end": {
          "line": 23,
          "column": 11
        }
      },
      "10": {
        "start": {
          "line": 24,
          "column": 2
        },
        "end": {
          "line": 85,
          "column": 11
        }
      },
      "11": {
        "start": {
          "line": 87,
          "column": 0
        },
        "end": {
          "line": 87,
          "column": 16
        }
      },
      "12": {
        "start": {
          "line": 90,
          "column": 0
        },
        "end": {
          "line": 90,
          "column": 31
        }
      },
      "13": {
        "start": {
          "line": 91,
          "column": 0
        },
        "end": {
          "line": 107,
          "column": 1
        }
      },
      "14": {
        "start": {
          "line": 92,
          "column": 2
        },
        "end": {
          "line": 92,
          "column": 39
        }
      },
      "15": {
        "start": {
          "line": 93,
          "column": 2
        },
        "end": {
          "line": 93,
          "column": 39
        }
      },
      "16": {
        "start": {
          "line": 94,
          "column": 2
        },
        "end": {
          "line": 106,
          "column": 5
        }
      },
      "17": {
        "start": {
          "line": 98,
          "column": 4
        },
        "end": {
          "line": 98,
          "column": 143
        }
      },
      "18": {
        "start": {
          "line": 99,
          "column": 4
        },
        "end": {
          "line": 105,
          "column": 7
        }
      },
      "19": {
        "start": {
          "line": 100,
          "column": 6
        },
        "end": {
          "line": 101,
          "column": 15
        }
      },
      "20": {
        "start": {
          "line": 101,
          "column": 8
        },
        "end": {
          "line": 101,
          "column": 15
        }
      },
      "21": {
        "start": {
          "line": 102,
          "column": 32
        },
        "end": {
          "line": 102,
          "column": 115
        }
      },
      "22": {
        "start": {
          "line": 103,
          "column": 6
        },
        "end": {
          "line": 104,
          "column": 54
        }
      },
      "23": {
        "start": {
          "line": 104,
          "column": 8
        },
        "end": {
          "line": 104,
          "column": 54
        }
      }
    },
    "fnMap": {
      "0": {
        "name": "(anonymous_0)",
        "decl": {
          "start": {
            "line": 11,
            "column": 24
          },
          "end": {
            "line": 11,
            "column": 25
          }
        },
        "loc": {
          "start": {
            "line": 11,
            "column": 38
          },
          "end": {
            "line": 13,
            "column": 3
          }
        },
        "line": 11
      },
      "1": {
        "name": "(anonymous_1)",
        "decl": {
          "start": {
            "line": 16,
            "column": 19
          },
          "end": {
            "line": 16,
            "column": 20
          }
        },
        "loc": {
          "start": {
            "line": 16,
            "column": 30
          },
          "end": {
            "line": 86,
            "column": 1
          }
        },
        "line": 16
      },
      "2": {
        "name": "(anonymous_2)",
        "decl": {
          "start": {
            "line": 97,
            "column": 9
          },
          "end": {
            "line": 97,
            "column": 10
          }
        },
        "loc": {
          "start": {
            "line": 97,
            "column": 29
          },
          "end": {
            "line": 106,
            "column": 3
          }
        },
        "line": 97
      },
      "3": {
        "name": "(anonymous_3)",
        "decl": {
          "start": {
            "line": 99,
            "column": 27
          },
          "end": {
            "line": 99,
            "column": 28
          }
        },
        "loc": {
          "start": {
            "line": 99,
            "column": 44
          },
          "end": {
            "line": 105,
            "column": 5
          }
        },
        "line": 99
      }
    },
    "branchMap": {
      "0": {
        "loc": {
          "start": {
            "line": 5,
            "column": 0
          },
          "end": {
            "line": 15,
            "column": 1
          }
        },
        "type": "if",
        "locations": [
          {
            "start": {
              "line": 5,
              "column": 0
            },
            "end": {
              "line": 15,
              "column": 1
            }
          },
          {
            "start": {},
            "end": {}
          }
        ],
        "line": 5
      },
      "1": {
        "loc": {
          "start": {
            "line": 6,
            "column": 2
          },
          "end": {
            "line": 8,
            "column": 3
          }
        },
        "type": "if",
        "locations": [
          {
            "start": {
              "line": 6,
              "column": 2
            },
            "end": {
              "line": 8,
              "column": 3
            }
          },
          {
            "start": {},
            "end": {}
          }
        ],
        "line": 6
      },
      "2": {
        "loc": {
          "start": {
            "line": 72,
            "column": 66
          },
          "end": {
            "line": 76,
            "column": 12
          }
        },
        "type": "binary-expr",
        "locations": [
          {
            "start": {
              "line": 72,
              "column": 66
            },
            "end": {
              "line": 72,
              "column": 80
            }
          },
          {
            "start": {
              "line": 72,
              "column": 100
            },
            "end": {
              "line": 76,
              "column": 12
            }
          }
        ],
        "line": 72
      },
      "3": {
        "loc": {
          "start": {
            "line": 72,
            "column": 124
          },
          "end": {
            "line": 72,
            "column": 161
          }
        },
        "type": "binary-expr",
        "locations": [
          {
            "start": {
              "line": 72,
              "column": 124
            },
            "end": {
              "line": 72,
              "column": 150
            }
          },
          {
            "start": {
              "line": 72,
              "column": 154
            },
            "end": {
              "line": 72,
              "column": 161
            }
          }
        ],
        "line": 72
      },
      "4": {
        "loc": {
          "start": {
            "line": 91,
            "column": 0
          },
          "end": {
            "line": 107,
            "column": 1
          }
        },
        "type": "if",
        "locations": [
          {
            "start": {
              "line": 91,
              "column": 0
            },
            "end": {
              "line": 107,
              "column": 1
            }
          },
          {
            "start": {},
            "end": {}
          }
        ],
        "line": 91
      },
      "5": {
        "loc": {
          "start": {
            "line": 100,
            "column": 6
          },
          "end": {
            "line": 101,
            "column": 15
          }
        },
        "type": "if",
        "locations": [
          {
            "start": {
              "line": 100,
              "column": 6
            },
            "end": {
              "line": 101,
              "column": 15
            }
          },
          {
            "start": {},
            "end": {}
          }
        ],
        "line": 100
      },
      "6": {
        "loc": {
          "start": {
            "line": 103,
            "column": 6
          },
          "end": {
            "line": 104,
            "column": 54
          }
        },
        "type": "if",
        "locations": [
          {
            "start": {
              "line": 103,
              "column": 6
            },
            "end": {
              "line": 104,
              "column": 54
            }
          },
          {
            "start": {},
            "end": {}
          }
        ],
        "line": 103
      }
    },
    "s": {
      "0": 5,
      "1": 5,
      "2": 0,
      "3": 5,
      "4": 5,
      "5": 5,
      "6": 5,
      "7": 5,
      "8": 5,
      "9": 16,
      "10": 16,
      "11": 5,
      "12": 5,
      "13": 5,
      "14": 5,
      "15": 5,
      "16": 5,
      "17": 5,
      "18": 5,
      "19": 0,
      "20": 0,
      "21": 0,
      "22": 0,
      "23": 0
    },
    "f": {
      "0": 5,
      "1": 16,
      "2": 5,
      "3": 0
    },
    "b": {
      "0": [
        5,
        0
      ],
      "1": [
        0,
        5
      ],
      "2": [
        16,
        0
      ],
      "3": [
        0,
        0
      ],
      "4": [
        5,
        0
      ],
      "5": [
        0,
        0
      ],
      "6": [
        0,
        0
      ]
    },
    "inputSourceMap": {
      "version": 3,
      "mappings": "AAkBQ;AAlBR,OAAOA,oBAAkB;AAAA;AAAA;AAAA;AAAA;AAAA;AAAA;AAAA;AAAA;AAAA;AAAA;AAAA;AAAA;AAAA;AAazB,MAAMC,aAAoCC,WAAU;AAClD,QAAM;AAAA,IAAEC;AAAAA,IAAOC;AAAAA,IAAUC;AAAAA,IAAUC;AAAAA,IAAQC;AAAAA,EAAM,IAAIL;AACrD,SACE,uBAAC,SAAI,WAAU,aACb;AAAA,2BAAC,WAAM,SAAQ,QACb,iCAAC,QAAG,+BAAJ;AAAA;AAAA;AAAA;AAAA,WAAmB,KADrB;AAAA;AAAA;AAAA;AAAA,WAEA;AAAA,IACA,uBAAC,YACC,IAAG,QACH,OACA,GAAIG,SAASE,OAAO;AAAA,MAClBC,UAAU;AAAA,IACZ,CAAC,GACD,UAEA;AAAA,6BAAC,cAAD;AAAA;AAAA;AAAA;AAAA,aAAQ;AAAA,MACR,uBAAC,YAAO,uBAAR;AAAA;AAAA;AAAA;AAAA,aAAe;AAAA,MACf,uBAAC,YAAO,qBAAR;AAAA;AAAA;AAAA;AAAA,aAAa;AAAA,MACb,uBAAC,YAAO,qBAAR;AAAA;AAAA;AAAA;AAAA,aAAa;AAAA,MACb,uBAAC,YAAO,qBAAR;AAAA;AAAA;AAAA;AAAA,aAAa;AAAA,MACb,uBAAC,YAAO,sBAAR;AAAA;AAAA;AAAA;AAAA,aAAc;AAAA,SAbhB;AAAA;AAAA;AAAA;AAAA,WAcA;AAAA,IACA,uBAAC,SAAI,WAAU,SACZF,kBAAQG,UAAU,uBAAC,OAAI,aAAEH,OAAOG,OAAOC,aAAa,WAAlC;AAAA;AAAA;AAAA;AAAA,WAA0C,KAD/D;AAAA;AAAA;AAAA;AAAA,WAEA;AAAA,OArBF;AAAA;AAAA;AAAA;AAAA,SAsBA;AAEJ;AAAEC,KA3BIV;AA6BN,eAAeA;AAAW,IAAAU;AAAAC,aAAAD,IAAA",
      "names": [
        "React",
        "FormSelect",
        "props",
        "value",
        "onChange",
        "register",
        "errors",
        "label",
        "required",
        "select",
        "message",
        "_c",
        "$RefreshReg$"
      ],
      "sources": [
        "/Users/macbook/Downloads/react/react1/src/components/Forms/FormSelect.tsx"
      ],
      "file": "/Users/macbook/Downloads/react/react1/src/components/Forms/FormSelect.tsx"
    },
    "_coverageSchema": "1a1c01bbd47fc00a2c39e90264f33305004495a9",
    "hash": "06e8e3f63a35a300cbec5e5bd8a989da04140745"
  },
  "/Users/macbook/Downloads/react/react1/src/components/Forms/FormFile.tsx": {
    "path": "/Users/macbook/Downloads/react/react1/src/components/Forms/FormFile.tsx",
    "statementMap": {
      "0": {
        "start": {
          "line": 5,
          "column": 0
        },
        "end": {
          "line": 15,
          "column": 1
        }
      },
      "1": {
        "start": {
          "line": 6,
          "column": 2
        },
        "end": {
          "line": 8,
          "column": 3
        }
      },
      "2": {
        "start": {
          "line": 7,
          "column": 4
        },
        "end": {
          "line": 7,
          "column": 165
        }
      },
      "3": {
        "start": {
          "line": 9,
          "column": 2
        },
        "end": {
          "line": 9,
          "column": 39
        }
      },
      "4": {
        "start": {
          "line": 10,
          "column": 2
        },
        "end": {
          "line": 10,
          "column": 39
        }
      },
      "5": {
        "start": {
          "line": 11,
          "column": 2
        },
        "end": {
          "line": 13,
          "column": 4
        }
      },
      "6": {
        "start": {
          "line": 12,
          "column": 4
        },
        "end": {
          "line": 12,
          "column": 115
        }
      },
      "7": {
        "start": {
          "line": 14,
          "column": 2
        },
        "end": {
          "line": 14,
          "column": 75
        }
      },
      "8": {
        "start": {
          "line": 16,
          "column": 17
        },
        "end": {
          "line": 79,
          "column": 1
        }
      },
      "9": {
        "start": {
          "line": 23,
          "column": 6
        },
        "end": {
          "line": 23,
          "column": 11
        }
      },
      "10": {
        "start": {
          "line": 24,
          "column": 2
        },
        "end": {
          "line": 78,
          "column": 11
        }
      },
      "11": {
        "start": {
          "line": 80,
          "column": 0
        },
        "end": {
          "line": 80,
          "column": 14
        }
      },
      "12": {
        "start": {
          "line": 83,
          "column": 0
        },
        "end": {
          "line": 83,
          "column": 29
        }
      },
      "13": {
        "start": {
          "line": 84,
          "column": 0
        },
        "end": {
          "line": 100,
          "column": 1
        }
      },
      "14": {
        "start": {
          "line": 85,
          "column": 2
        },
        "end": {
          "line": 85,
          "column": 39
        }
      },
      "15": {
        "start": {
          "line": 86,
          "column": 2
        },
        "end": {
          "line": 86,
          "column": 39
        }
      },
      "16": {
        "start": {
          "line": 87,
          "column": 2
        },
        "end": {
          "line": 99,
          "column": 5
        }
      },
      "17": {
        "start": {
          "line": 91,
          "column": 4
        },
        "end": {
          "line": 91,
          "column": 141
        }
      },
      "18": {
        "start": {
          "line": 92,
          "column": 4
        },
        "end": {
          "line": 98,
          "column": 7
        }
      },
      "19": {
        "start": {
          "line": 93,
          "column": 6
        },
        "end": {
          "line": 94,
          "column": 15
        }
      },
      "20": {
        "start": {
          "line": 94,
          "column": 8
        },
        "end": {
          "line": 94,
          "column": 15
        }
      },
      "21": {
        "start": {
          "line": 95,
          "column": 32
        },
        "end": {
          "line": 95,
          "column": 115
        }
      },
      "22": {
        "start": {
          "line": 96,
          "column": 6
        },
        "end": {
          "line": 97,
          "column": 54
        }
      },
      "23": {
        "start": {
          "line": 97,
          "column": 8
        },
        "end": {
          "line": 97,
          "column": 54
        }
      }
    },
    "fnMap": {
      "0": {
        "name": "(anonymous_0)",
        "decl": {
          "start": {
            "line": 11,
            "column": 24
          },
          "end": {
            "line": 11,
            "column": 25
          }
        },
        "loc": {
          "start": {
            "line": 11,
            "column": 38
          },
          "end": {
            "line": 13,
            "column": 3
          }
        },
        "line": 11
      },
      "1": {
        "name": "(anonymous_1)",
        "decl": {
          "start": {
            "line": 16,
            "column": 17
          },
          "end": {
            "line": 16,
            "column": 18
          }
        },
        "loc": {
          "start": {
            "line": 16,
            "column": 28
          },
          "end": {
            "line": 79,
            "column": 1
          }
        },
        "line": 16
      },
      "2": {
        "name": "(anonymous_2)",
        "decl": {
          "start": {
            "line": 90,
            "column": 9
          },
          "end": {
            "line": 90,
            "column": 10
          }
        },
        "loc": {
          "start": {
            "line": 90,
            "column": 29
          },
          "end": {
            "line": 99,
            "column": 3
          }
        },
        "line": 90
      },
      "3": {
        "name": "(anonymous_3)",
        "decl": {
          "start": {
            "line": 92,
            "column": 27
          },
          "end": {
            "line": 92,
            "column": 28
          }
        },
        "loc": {
          "start": {
            "line": 92,
            "column": 44
          },
          "end": {
            "line": 98,
            "column": 5
          }
        },
        "line": 92
      }
    },
    "branchMap": {
      "0": {
        "loc": {
          "start": {
            "line": 5,
            "column": 0
          },
          "end": {
            "line": 15,
            "column": 1
          }
        },
        "type": "if",
        "locations": [
          {
            "start": {
              "line": 5,
              "column": 0
            },
            "end": {
              "line": 15,
              "column": 1
            }
          },
          {
            "start": {},
            "end": {}
          }
        ],
        "line": 5
      },
      "1": {
        "loc": {
          "start": {
            "line": 6,
            "column": 2
          },
          "end": {
            "line": 8,
            "column": 3
          }
        },
        "type": "if",
        "locations": [
          {
            "start": {
              "line": 6,
              "column": 2
            },
            "end": {
              "line": 8,
              "column": 3
            }
          },
          {
            "start": {},
            "end": {}
          }
        ],
        "line": 6
      },
      "2": {
        "loc": {
          "start": {
            "line": 65,
            "column": 66
          },
          "end": {
            "line": 69,
            "column": 12
          }
        },
        "type": "binary-expr",
        "locations": [
          {
            "start": {
              "line": 65,
              "column": 66
            },
            "end": {
              "line": 65,
              "column": 78
            }
          },
          {
            "start": {
              "line": 65,
              "column": 98
            },
            "end": {
              "line": 69,
              "column": 12
            }
          }
        ],
        "line": 65
      },
      "3": {
        "loc": {
          "start": {
            "line": 65,
            "column": 122
          },
          "end": {
            "line": 65,
            "column": 157
          }
        },
        "type": "binary-expr",
        "locations": [
          {
            "start": {
              "line": 65,
              "column": 122
            },
            "end": {
              "line": 65,
              "column": 146
            }
          },
          {
[...]
          },
          "end": {
            "line": 90,
            "column": 15
          }
        },
        "type": "if",
        "locations": [
          {
            "start": {
              "line": 89,
              "column": 6
            },
            "end": {
              "line": 90,
              "column": 15
            }
          },
          {
            "start": {},
            "end": {}
          }
        ],
        "line": 89
      },
      "4": {
        "loc": {
          "start": {
            "line": 92,
            "column": 6
          },
          "end": {
            "line": 93,
            "column": 54
          }
        },
        "type": "if",
        "locations": [
          {
            "start": {
              "line": 92,
              "column": 6
            },
            "end": {
              "line": 93,
              "column": 54
            }
          },
          {
            "start": {},
            "end": {}
          }
        ],
        "line": 92
      }
    },
    "s": {
      "0": 5,
      "1": 5,
      "2": 0,
      "3": 5,
      "4": 5,
      "5": 5,
      "6": 5,
      "7": 5,
      "8": 5,
      "9": 5,
      "10": 5,
      "11": 5,
      "12": 5,
      "13": 5,
      "14": 5,
      "15": 5,
      "16": 5,
      "17": 5,
      "18": 0,
      "19": 0,
      "20": 0,
      "21": 0,
      "22": 0
    },
    "f": {
      "0": 5,
      "1": 5,
      "2": 5,
      "3": 0
    },
    "b": {
      "0": [
        5,
        0
      ],
      "1": [
        0,
        5
      ],
      "2": [
        5,
        0
      ],
      "3": [
        0,
        0
      ],
      "4": [
        0,
        0
      ]
    },
    "inputSourceMap": {
      "version": 3,
      "mappings": "AAUc;AAVd,OAAOA,oBAAY;AAAA,IAA6B;AAAA;AAAA;AAAA;AAAA;AAAA;AAAA;AAAA;AAAA;AAAA;AAAA;AAAA;AAAA;AAAA;AAChD,OAAOC,YAAY;AAEnB,MAAMC,SAASA,MAAM;AACnB,SACE,uBAAC,YAAO,WAAU,UAChB,iCAAC,SAAI,WAAU,oBACb,iCAAC,QAAG,WAAU,eACZ;AAAA,2BAAC,QAAG,WAAU,eACZ,iCAAC,OAAE,WAAU,eAAc,MAAK,kCAC9B;AAAA,6BAAC,YAAD;AAAA;AAAA;AAAA;AAAA,aAAO;AAAA,MACP,uBAAC,OAAE,WAAU,YAAW,0BAAxB;AAAA;AAAA;AAAA;AAAA,aAAkC;AAAA,SAFpC;AAAA;AAAA;AAAA;AAAA,WAGA,KAJF;AAAA;AAAA;AAAA;AAAA,WAKA;AAAA,IACA,uBAAC,QAAG,WAAU,eACZ,iCAAC,OAAE,qBAAH;AAAA;AAAA;AAAA;AAAA,WAAQ,KADV;AAAA;AAAA;AAAA;AAAA,WAEA;AAAA,IACA,uBAAC,QAAG,WAAU,eACZ,iCAAC,OAAE,WAAU,eAAc,MAAK,4BAC9B,iCAAC,YAAD;AAAA;AAAA;AAAA;AAAA,WAAO,KADT;AAAA;AAAA;AAAA;AAAA,WAEA,KAHF;AAAA;AAAA;AAAA;AAAA,WAIA;AAAA,OAdF;AAAA;AAAA;AAAA;AAAA,SAeA,KAhBF;AAAA;AAAA;AAAA;AAAA,SAiBA,KAlBF;AAAA;AAAA;AAAA;AAAA,SAmBA;AAEJ;AAAEC,KAvBID;AAyBN,eAAeA;AAAO,IAAAC;AAAAC,aAAAD,IAAA",
      "names": [
        "Github",
        "RSLogo",
        "Footer",
        "_c",
        "$RefreshReg$"
      ],
      "sources": [
        "/Users/macbook/Downloads/react/react1/src/components/Footer/footer.tsx"
      ],
      "file": "/Users/macbook/Downloads/react/react1/src/components/Footer/footer.tsx"
    },
    "_coverageSchema": "1a1c01bbd47fc00a2c39e90264f33305004495a9",
    "hash": "47147409de813ee00c1ad6f266389ff6fe84b378"
  },
  "/Users/macbook/Downloads/react/react1/src/components/Layout/Layout.tsx": {
    "path": "/Users/macbook/Downloads/react/react1/src/components/Layout/Layout.tsx",
    "statementMap": {
      "0": {
        "start": {
          "line": 7,
          "column": 11
        },
        "end": {
          "line": 42,
          "column": 3
        }
      },
      "1": {
        "start": {
          "line": 8,
          "column": 51
        },
        "end": {
          "line": 20,
          "column": 12
        }
      },
      "2": {
        "start": {
          "line": 21,
          "column": 4
        },
        "end": {
          "line": 41,
          "column": 13
        }
      }
    },
    "fnMap": {
      "0": {
        "name": "(anonymous_0)",
        "decl": {
          "start": {
            "line": 7,
            "column": 11
          },
          "end": {
            "line": 7,
            "column": 12
          }
        },
        "loc": {
          "start": {
            "line": 7,
            "column": 17
          },
          "end": {
            "line": 42,
            "column": 3
          }
        },
        "line": 7
      }
    },
    "branchMap": {
      "0": {
        "loc": {
          "start": {
            "line": 8,
            "column": 51
          },
          "end": {
            "line": 20,
            "column": 12
          }
        },
        "type": "binary-expr",
        "locations": [
          {
            "start": {
              "line": 8,
              "column": 51
            },
            "end": {
              "line": 12,
              "column": 12
            }
          },
          {
            "start": {
              "line": 12,
              "column": 32
            },
            "end": {
              "line": 16,
              "column": 12
            }
          },
          {
            "start": {
              "line": 16,
              "column": 32
            },
            "end": {
              "line": 20,
              "column": 12
            }
          }
        ],
        "line": 8
      },
      "1": {
        "loc": {
          "start": {
            "line": 22,
            "column": 6
          },
          "end": {
            "line": 26,
            "column": 14
          }
        },
        "type": "binary-expr",
        "locations": [
          {
            "start": {
              "line": 22,
              "column": 6
            },
            "end": {
              "line": 22,
              "column": 28
            }
          },
          {
            "start": {
              "line": 22,
              "column": 48
            },
            "end": {
              "line": 26,
              "column": 14
            }
          }
        ],
        "line": 22
      },
      "2": {
        "loc": {
          "start": {
            "line": 32,
            "column": 6
          },
          "end": {
            "line": 36,
            "column": 14
          }
        },
        "type": "binary-expr",
        "locations": [
          {
            "start": {
              "line": 32,
              "column": 6
            },
            "end": {
              "line": 32,
              "column": 28
            }
          },
          {
            "start": {
              "line": 32,
              "column": 48
            },
            "end": {
              "line": 36,
              "column": 14
            }
          }
        ],
        "line": 32
      }
    },
    "s": {
      "0": 5,
      "1": 5,
      "2": 5
    },
    "f": {
      "0": 5
    },
    "b": {
      "0": [
        5,
        0,
        0
      ],
      "1": [
        5,
        5
      ],
      "2": [
        5,
        5
      ]
    },
    "inputSourceMap": {
      "version": 3,
      "mappings": "AAOmC;AAPnC,SAASA,SAASC,cAAc;AAChC,SAASC,cAAc;AACvB,OAAOC,YAAY;AACnB,OAAOC,WAAW;AAElB,MAAMC,eAAeD,MAAME,UAAU;AAAA,EACnCC,SAASA,MAAmB;AAC1B,UAAMC,yBAAyB,uBAAC,WAAQ,IAAG,YAAZ;AAAA;AAAA;AAAA;AAAA,WAAoB,KAAO,uBAAC,WAAQ,IAAG,OAAZ;AAAA;AAAA;AAAA;AAAA,WAAe,KACvE,uBAAC,WAAQ,IAAG,cAAZ;AAAA;AAAA;AAAA;AAAA,WAAsB;AAExB,WACE,uBAAC,SAAI,MAAK,WACPA;AAAAA,gCAA0B,uBAAC,YAAD;AAAA;AAAA;AAAA;AAAA,aAAO;AAAA,MAClC,uBAAC,YAAD;AAAA;AAAA;AAAA;AAAA,aAAO;AAAA,MACNA,0BAA0B,uBAAC,YAAD;AAAA;AAAA;AAAA;AAAA,aAAO;AAAA,SAHpC;AAAA;AAAA;AAAA;AAAA,WAIA;AAAA,EAEJ;AACF;AACA,SAASH",
      "names": [
        "NavLink",
        "Outlet",
        "Header",
        "Footer",
        "React",
        "Layout",
        "Component",
        "render",
        "shouldShowFooterHeader"
      ],
      "sources": [
        "/Users/macbook/Downloads/react/react1/src/components/Layout/Layout.tsx"
      ],
      "file": "/Users/macbook/Downloads/react/react1/src/components/Layout/Layout.tsx"
    },
    "_coverageSchema": "1a1c01bbd47fc00a2c39e90264f33305004495a9",
    "hash": "960e7ac5d58cf39e21762827dd833e2c36998304"
  },
  "/Users/macbook/Downloads/react/react1/src/AppRoutes.tsx": {
    "path": "/Users/macbook/Downloads/react/react1/src/AppRoutes.tsx",
    "statementMap": {
      "0": {
        "start": {
          "line": 5,
          "column": 0
        },
        "end": {
          "line": 15,
          "column": 1
        }
      },
      "1": {
        "start": {
          "line": 6,
          "column": 2
        },
        "end": {
          "line": 8,
          "column": 3
        }
      },
      "2": {
        "start": {
          "line": 7,
          "column": 4
        },
        "end": {
          "line": 7,
          "column": 165
        }
      },
      "3": {
        "start": {
          "line": 9,
          "column": 2
        },
        "end": {
          "line": 9,
          "column": 39
        }
      },
      "4": {
        "start": {
          "line": 10,
          "column": 2
        },
        "end": {
          "line": 10,
          "column": 39
        }
      },
      "5": {
        "start": {
          "line": 11,
          "column": 2
        },
        "end": {
          "line": 13,
          "column": 4
        }
      },
      "6": {
        "start": {
          "line": 12,
          "column": 4
        },
        "end": {
          "line": 12,
          "column": 99
        }
      },
      "7": {
        "start": {
          "line": 14,
          "column": 2
        },
        "end": {
          "line": 14,
          "column": 75
        }
      },
      "8": {
        "start": {
          "line": 23,
          "column": 25
        },
        "end": {
          "line": 74,
          "column": 1
        }
      },
      "9": {
        "start": {
          "line": 24,
          "column": 2
        },
        "end": {
          "line": 73,
          "column": 11
        }
      },
      "10": {
        "start": {
          "line": 75,
          "column": 0
        },
        "end": {
          "line": 75,
          "column": 15
        }
      },
      "11": {
        "start": {
          "line": 77,
          "column": 0
        },
        "end": {
          "line": 77,
          "column": 30
        }
      },
      "12": {
        "start": {
          "line": 78,
          "column": 0
        },
        "end": {
          "line": 94,
          "column": 1
        }
      },
      "13": {
        "start": {
          "line": 79,
          "column": 2
        },
        "end": {
          "line": 79,
          "column": 39
        }
      },
      "14": {
        "start": {
          "line": 80,
          "column": 2
        },
        "end": {
          "line": 80,
          "column": 39
        }
      },
      "15": {
        "start": {
          "line": 81,
          "column": 2
        },
        "end": {
          "line": 93,
          "column": 5
        }
      },
      "16": {
        "start": {
          "line": 85,
          "column": 4
        },
        "end": {
          "line": 85,
          "column": 125
        }
      },
      "17": {
        "start": {
          "line": 86,
          "column": 4
        },
        "end": {
          "line": 92,
          "column": 7
        }
      },
      "18": {
        "start": {
          "line": 87,
          "column": 6
        },
        "end": {
          "line": 88,
          "column": 15
        }
      },
      "19": {
        "start": {
          "line": 88,
          "column": 8
        },
        "end": {
          "line": 88,
          "column": 15
        }
      },
      "20": {
        "start": {
          "line": 89,
          "column": 32
        },
        "end": {
          "line": 89,
          "column": 115
        }
      },
      "21": {
        "start": {
          "line": 90,
          "column": 6
        },
        "end": {
          "line": 91,
          "column": 54
        }
      },
      "22": {
        "start": {
          "line": 91,
          "column": 8
        },
        "end": {
          "line": 91,
          "column": 54
        }
      }
    },
    "fnMap": {
      "0": {
        "name": "(anonymous_0)",
        "decl": {
          "start": {
            "line": 11,
            "column": 24
          },
          "end": {
            "line": 11,
            "column": 25
          }
        },
        "loc": {
          "start": {
            "line": 11,
            "column": 38
          },
          "end": {
            "line": 13,
            "column": 3
          }
        },
        "line": 11
      },
      "1": {
        "name": "(anonymous_1)",
        "decl": {
          "start": {
            "line": 23,
            "column": 25
          },
          "end": {
            "line": 23,
            "column": 26
          }
        },
        "loc": {
          "start": {
            "line": 23,
            "column": 31
          },
          "end": {
            "line": 74,
            "column": 1
          }
        },
        "line": 23
      },
      "2": {
        "name": "(anonymous_2)",
        "decl": {
          "start": {
            "line": 84,
            "column": 9
          },
          "end": {
            "line": 84,
            "column": 10
          }
        },
        "loc": {
          "start": {
            "line": 84,
            "column": 29
          },
          "end": {
            "line": 93,
            "column": 3
          }
        },
        "line": 84
      },
      "3": {
        "name": "(anonymous_3)",
        "decl": {
          "start": {
            "line": 86,
            "column": 27
          },
          "end": {
            "line": 86,
            "column": 28
          }
        },
        "loc": {
          "start": {
            "line": 86,
            "column": 44
          },
          "end": {
            "line": 92,
            "column": 5
          }
        },
        "line": 86
      }
    },
    "branchMap": {
      "0": {
        "loc": {
          "start": {
            "line": 5,
            "column": 0
          },
          "end": {
            "line": 15,
            "column": 1
          }
        },
        "type": "if",
        "locations": [
          {
            "start": {
              "line": 5,
              "column": 0
            },
            "end": {
              "line": 15,
              "column": 1
            }
          },
          {
            "start": {},
            "end": {}
          }
        ],
        "line": 5
      },
      "1": {
        "loc": {
          "start": {
            "line": 6,
            "column": 2
          },
          "end": {
            "line": 8,
            "column": 3
          }
        },
        "type": "if",
        "locations": [
          {
            "start": {
              "line": 6,
              "column": 2
            },
            "end": {
              "line": 8,
              "column": 3
            }
          },
          {
            "start": {},
            "end": {}
          }
        ],
        "line": 6
      },
      "2": {
        "loc": {
          "start": {
            "line": 78,
            "column": 0
          },
          "end": {
            "line": 94,
            "column": 1
          }
        },
        "type": "if",
        "locations": [
          {
            "start": {
              "line": 78,
              "column": 0
            },
            "end": {
              "line": 94,
              "column": 1
            }
          },
          {
            "start": {},
            "end": {}
          }
        ],
        "line": 78
      },
      "3": {
        "loc": {
          "start": {
            "line": 87,
            "column": 6
          },
          "end": {
            "line": 88,
            "column": 15
          }
        },
        "type": "if",
        "locations": [
          {
            "start": {
              "line": 87,
              "column": 6
            },
            "end": {
              "line": 88,
              "column": 15
            }
          },
          {
            "start": {},
            "end": {}
          }
        ],
        "line": 87
      },
      "4": {
        "loc": {
          "start": {
            "line": 90,
            "column": 6
          },
          "end": {
            "line": 91,
            "column": 54
          }
        },
        "type": "if",
        "locations": [
          {
            "start": {
              "line": 90,
              "column": 6
            },
            "end": {
              "line": 91,
              "column": 54
            }
          },
          {
            "start": {},
            "end": {}
          }
        ],
        "line": 90
      }
    },
    "s": {
      "0": 5,
      "1": 5,
      "2": 0,
      "3": 5,
      "4": 5,
      "5": 5,
      "6": 5,
      "7": 5,
      "8": 5,
      "9": 5,
      "10": 5,
      "11": 5,
      "12": 5,
      "13": 5,
      "14": 5,
      "15": 5,
      "16": 5,
      "17": 5,
      "18": 0,
      "19": 0,
      "20": 0,
      "21": 0,
      "22": 0
    },
    "f": {
      "0": 5,
      "1": 5,
      "2": 5,
      "3": 0
    },
    "b": {
      "0": [
        5,
        0
      ],
      "1": [
        0,
        5
      ],
      "2": [
        5,
        0
      ],
      "3": [
        0,
        0
      ],
      "4": [
        0,
        0
      ]
    },
    "inputSourceMap": {
      "version": 3,
      "mappings": "AAY+B;AAZ/B,OAAO;AAAyB;AAAA;AAAA;AAAA;AAAA;AAAA;AAAA;AAAA;AAAA;AAAA;AAAA;AAAA;AAAA;AAAA;AAChC,SAASA,QAAQC,aAAa;AAC9B,SAASC,aAAa;AACtB,SAASC,eAAe;AACxB,SAASC,oBAAoB;AAC7B,SAASC,YAAY;AACrB,SAASC,cAAc;AAGhB,aAAMC,YAAYA,MAAM;AAC7B,SACE,uBAAC,UACC,iCAAC,SAAM,MAAK,KAAI,SAAS,uBAAC,YAAD;AAAA;AAAA;AAAA;AAAA,SAAO,GAC9B;AAAA,2BAAC,SAAM,OAAK,MAAC,SAAS,uBAAC,UAAD;AAAA;AAAA;AAAA;AAAA,WAAK,KAA3B;AAAA;AAAA;AAAA;AAAA,WAA+B;AAAA,IAC/B,uBAAC,SAAM,MAAK,UAAS,SAAS,uBAAC,WAAD;AAAA;AAAA;AAAA;AAAA,WAAM,KAApC;AAAA;AAAA;AAAA;AAAA,WAAwC;AAAA,IACxC,uBAAC,SAAM,MAAK,YAAW,SAAS,uBAAC,aAAD;AAAA;AAAA;AAAA;AAAA,WAAQ,KAAxC;AAAA;AAAA;AAAA;AAAA,WAA4C;AAAA,IAE5C,uBAAC,SAAM,MAAK,KAAI,SAAS,uBAAC,kBAAD;AAAA;AAAA;AAAA;AAAA,WAAa,KAAtC;AAAA;AAAA;AAAA;AAAA,WAA0C;AAAA,OAL5C;AAAA;AAAA;AAAA;AAAA,SAMA,KAPF;AAAA;AAAA;AAAA;AAAA,SAQA;AAEJ;AAAEC,KAZWD;AAAS,IAAAC;AAAAC,aAAAD,IAAA",
      "names": [
        "Routes",
        "Route",
        "About",
        "Recycle",
        "NotFoundPage",
        "Home",
        "Layout",
        "AppRoutes",
        "_c",
        "$RefreshReg$"
      ],
      "sources": [
        "/Users/macbook/Downloads/react/react1/src/AppRoutes.tsx"
      ],
      "file": "/Users/macbook/Downloads/react/react1/src/AppRoutes.tsx"
    },
    "_coverageSchema": "1a1c01bbd47fc00a2c39e90264f33305004495a9",
    "hash": "e74801f25d89ae399eda742f1efe109ccd6f4196"
  },
  "/Users/macbook/Downloads/react/react1/src/entry-client.tsx": {
    "path": "/Users/macbook/Downloads/react/react1/src/entry-client.tsx",
    "statementMap": {
      "0": {
        "start": {
          "line": 7,
          "column": 0
        },
        "end": {
          "line": 19,
          "column": 10
        }
      }
    },
    "fnMap": {},
    "branchMap": {},
    "s": {
      "0": 5
    },
    "f": {},
    "b": {},
    "inputSourceMap": {
      "version": 3,
      "mappings": "AAWM;AAXN,OAAOA,cAAc;AACrB,SAASC,qBAAqB;AAC9B,SAASC,gBAAgB;AACzB,SAASC,aAAa;AAEtB,SAASC,iBAAiB;AAE1BJ,SAASK,YACPC,SAASC,cAAc,OAAO,GAC9B,uBAAC,YAAS,OACR,iCAAC,iBACC,iCAAC,eAAD;AAAA;AAAA;AAAA;AAAA,OAAU,KADZ;AAAA;AAAA;AAAA;AAAA,OAEA,KAHF;AAAA;AAAA;AAAA;AAAA,OAIA,CACF",
      "names": [
        "ReactDOM",
        "BrowserRouter",
        "Provider",
        "store",
        "AppRoutes",
        "hydrateRoot",
        "document",
        "querySelector"
      ],
      "sources": [
        "/Users/macbook/Downloads/react/react1/src/entry-client.tsx"
      ],
      "file": "/Users/macbook/Downloads/react/react1/src/entry-client.tsx"
    },
    "_coverageSchema": "1a1c01bbd47fc00a2c39e90264f33305004495a9",
    "hash": "107c28f56ff6b0e8092691bc888bbf225a4f72df"
  }
}